Arguments: 
  C:\Program Files\nodejs\node.exe C:\Users\zohaib\AppData\Roaming\npm\node_modules\yarn\bin\yarn.js add node-sass -D

PATH: 
  C:\Program Files\Git\mingw64\bin;C:\Program Files\Git\usr\bin;C:\Users\zohaib\bin;C:\Program Files\Git\mingw64\bin;C:\Program Files\Git\usr\bin;C:\Users\zohaib\bin;C:\Program Files\Java\jdk-12.0.1\bin;C:\Program Files\Apache Software Foundation\apache-maven-3.6.2\bin;C:\Program Files\Git\cmd;C:\Program Files\nodejs;%SystemRoot%\system32;%SystemRoot%;%SystemRoot%\System32\Wbem;%SYSTEMROOT%\System32\WindowsPowerShell\v1.0;%SYSTEMROOT%\System32\OpenSSH;C:\Program Files\Java\sqlite-tools-win32-x86-3300100;C:\Users\zohaib\AppData\Local\Programs\Microsoft VS Code\bin;C:\Users\zohaib\AppData\Roaming\npm;%USERPROFILE%\AppData\Local\Microsoft\WindowsApps

Yarn version: 
  1.10.1

Node version: 
  11.10.1

Platform: 
  win32 x64

Trace: 
  Error: EPERM: operation not permitted, unlink 'C:\Users\zohaib\desktop\test-frontend\reactreduxsassstarterkit\node_modules\.node-sass.DELETE\vendor\win32-x64-67\binding.node'

npm manifest: 
  {
    "name": "reactreduxsassstarterkit",
    "version": "1.0.0",
    "description": "A Starter Kit to get started on a UI Project with Reactjs, Redux and Sass.",
    "main": "index.js",
    "scripts": {
      "watch": "webpack --watch",
      "start": "webpack-dev-server --open --config webpack.dev.js",
      "build": "webpack --config webpack.prod.js"
    },
    "keywords": [
      "StarterKit"
    ],
    "author": "Bitupon Chetia",
    "license": "ISC",
    "dependencies": {
      "axios": "^0.19.2",
      "bootstrap": "^4.4.1",
      "jquery": "^3.4.1",
      "node-sass": "^4.11.0",
      "popper.js": "^1.16.1",
      "react": "^16.8.1",
      "react-dom": "^16.8.1",
      "react-redux": "^6.0.0",
      "react-router-dom": "^5.1.2",
      "reactstrap": "^8.4.1",
      "redux": "^4.0.1"
    },
    "devDependencies": {
      "autoprefixer": "^9.7.4",
      "babel-core": "^6.26.3",
      "babel-loader": "^7.1.5",
      "babel-preset-es2015": "^6.24.1",
      "babel-preset-react": "^6.24.1",
      "babel-preset-stage-0": "^6.24.1",
      "clean-webpack-plugin": "^1.0.1",
      "css-loader": "^2.1.0",
      "exports-loader": "^0.7.0",
      "file-loader": "^5.1.0",
      "html-webpack-plugin": "^3.2.0",
      "html-webpack-template": "^6.2.0",
      "image-webpack-loader": "^6.0.0",
      "mini-css-extract-plugin": "^0.5.0",
      "postcss-loader": "^3.0.0",
      "precss": "^4.0.0",
      "sass-loader": "^7.1.0",
      "style-loader": "^0.23.1",
      "webpack": "^4.29.3",
      "webpack-cli": "^3.2.3",
      "webpack-dev-server": "^3.1.14",
      "webpack-merge": "^4.2.1"
    }
  }

yarn manifest: 
  No manifest

Lockfile: 
  No lockfile
